ARM GAS  C:\Users\labadmin\AppData\Local\Temp\ccERr7LG.s 			page 1


   1              		.syntax unified
   2              		.cpu cortex-m3
   3              		.fpu softvfp
   4              		.eabi_attribute 20, 1
   5              		.eabi_attribute 21, 1
   6              		.eabi_attribute 23, 3
   7              		.eabi_attribute 24, 1
   8              		.eabi_attribute 25, 1
   9              		.eabi_attribute 26, 1
  10              		.eabi_attribute 30, 4
  11              		.eabi_attribute 34, 1
  12              		.eabi_attribute 18, 4
  13              		.thumb
  14              		.file	"LCD_Char_1_LCDPort.c"
  15              		.text
  16              	.Ltext0:
  17              		.cfi_sections	.debug_frame
  18              		.section	.text.LCD_Char_1_LCDPort_Write,"ax",%progbits
  19              		.align	1
  20              		.global	LCD_Char_1_LCDPort_Write
  21              		.thumb
  22              		.thumb_func
  23              		.type	LCD_Char_1_LCDPort_Write, %function
  24              	LCD_Char_1_LCDPort_Write:
  25              	.LFB0:
  26              		.file 1 "Generated_Source\\PSoC5\\LCD_Char_1_LCDPort.c"
   1:Generated_Source\PSoC5/LCD_Char_1_LCDPort.c **** /*******************************************************************************
   2:Generated_Source\PSoC5/LCD_Char_1_LCDPort.c **** * File Name: LCD_Char_1_LCDPort.c  
   3:Generated_Source\PSoC5/LCD_Char_1_LCDPort.c **** * Version 2.20
   4:Generated_Source\PSoC5/LCD_Char_1_LCDPort.c **** *
   5:Generated_Source\PSoC5/LCD_Char_1_LCDPort.c **** * Description:
   6:Generated_Source\PSoC5/LCD_Char_1_LCDPort.c **** *  This file contains API to enable firmware control of a Pins component.
   7:Generated_Source\PSoC5/LCD_Char_1_LCDPort.c **** *
   8:Generated_Source\PSoC5/LCD_Char_1_LCDPort.c **** * Note:
   9:Generated_Source\PSoC5/LCD_Char_1_LCDPort.c **** *
  10:Generated_Source\PSoC5/LCD_Char_1_LCDPort.c **** ********************************************************************************
  11:Generated_Source\PSoC5/LCD_Char_1_LCDPort.c **** * Copyright 2008-2015, Cypress Semiconductor Corporation.  All rights reserved.
  12:Generated_Source\PSoC5/LCD_Char_1_LCDPort.c **** * You may use this file only in accordance with the license, terms, conditions, 
  13:Generated_Source\PSoC5/LCD_Char_1_LCDPort.c **** * disclaimers, and limitations in the end user license agreement accompanying 
  14:Generated_Source\PSoC5/LCD_Char_1_LCDPort.c **** * the software package with which this file was provided.
  15:Generated_Source\PSoC5/LCD_Char_1_LCDPort.c **** *******************************************************************************/
  16:Generated_Source\PSoC5/LCD_Char_1_LCDPort.c **** 
  17:Generated_Source\PSoC5/LCD_Char_1_LCDPort.c **** #include "cytypes.h"
  18:Generated_Source\PSoC5/LCD_Char_1_LCDPort.c **** #include "LCD_Char_1_LCDPort.h"
  19:Generated_Source\PSoC5/LCD_Char_1_LCDPort.c **** 
  20:Generated_Source\PSoC5/LCD_Char_1_LCDPort.c **** /* APIs are not generated for P15[7:6] on PSoC 5 */
  21:Generated_Source\PSoC5/LCD_Char_1_LCDPort.c **** #if !(CY_PSOC5A &&\
  22:Generated_Source\PSoC5/LCD_Char_1_LCDPort.c **** 	 LCD_Char_1_LCDPort__PORT == 15 && ((LCD_Char_1_LCDPort__MASK & 0xC0) != 0))
  23:Generated_Source\PSoC5/LCD_Char_1_LCDPort.c **** 
  24:Generated_Source\PSoC5/LCD_Char_1_LCDPort.c **** 
  25:Generated_Source\PSoC5/LCD_Char_1_LCDPort.c **** /*******************************************************************************
  26:Generated_Source\PSoC5/LCD_Char_1_LCDPort.c **** * Function Name: LCD_Char_1_LCDPort_Write
  27:Generated_Source\PSoC5/LCD_Char_1_LCDPort.c **** ****************************************************************************//**
  28:Generated_Source\PSoC5/LCD_Char_1_LCDPort.c **** *
  29:Generated_Source\PSoC5/LCD_Char_1_LCDPort.c **** * \brief Writes the value to the physical port (data output register), masking
  30:Generated_Source\PSoC5/LCD_Char_1_LCDPort.c **** *  and shifting the bits appropriately. 
  31:Generated_Source\PSoC5/LCD_Char_1_LCDPort.c **** *
ARM GAS  C:\Users\labadmin\AppData\Local\Temp\ccERr7LG.s 			page 2


  32:Generated_Source\PSoC5/LCD_Char_1_LCDPort.c **** * The data output register controls the signal applied to the physical pin in 
  33:Generated_Source\PSoC5/LCD_Char_1_LCDPort.c **** * conjunction with the drive mode parameter. This function avoids changing 
  34:Generated_Source\PSoC5/LCD_Char_1_LCDPort.c **** * other bits in the port by using the appropriate method (read-modify-write or
  35:Generated_Source\PSoC5/LCD_Char_1_LCDPort.c **** * bit banding).
  36:Generated_Source\PSoC5/LCD_Char_1_LCDPort.c **** *
  37:Generated_Source\PSoC5/LCD_Char_1_LCDPort.c **** * <b>Note</b> This function should not be used on a hardware digital output pin 
  38:Generated_Source\PSoC5/LCD_Char_1_LCDPort.c **** * as it is driven by the hardware signal attached to it.
  39:Generated_Source\PSoC5/LCD_Char_1_LCDPort.c **** *
  40:Generated_Source\PSoC5/LCD_Char_1_LCDPort.c **** * \param value
  41:Generated_Source\PSoC5/LCD_Char_1_LCDPort.c **** *  Value to write to the component instance.
  42:Generated_Source\PSoC5/LCD_Char_1_LCDPort.c **** *
  43:Generated_Source\PSoC5/LCD_Char_1_LCDPort.c **** * \return 
  44:Generated_Source\PSoC5/LCD_Char_1_LCDPort.c **** *  None 
  45:Generated_Source\PSoC5/LCD_Char_1_LCDPort.c **** *
  46:Generated_Source\PSoC5/LCD_Char_1_LCDPort.c **** * \sideeffect
  47:Generated_Source\PSoC5/LCD_Char_1_LCDPort.c **** *  If you use read-modify-write operations that are not atomic; the Interrupt 
  48:Generated_Source\PSoC5/LCD_Char_1_LCDPort.c **** *  Service Routines (ISR) can cause corruption of this function. An ISR that 
  49:Generated_Source\PSoC5/LCD_Char_1_LCDPort.c **** *  interrupts this function and performs writes to the Pins component data 
  50:Generated_Source\PSoC5/LCD_Char_1_LCDPort.c **** *  register can cause corrupted port data. To avoid this issue, you should 
  51:Generated_Source\PSoC5/LCD_Char_1_LCDPort.c **** *  either use the Per-Pin APIs (primary method) or disable interrupts around 
  52:Generated_Source\PSoC5/LCD_Char_1_LCDPort.c **** *  this function.
  53:Generated_Source\PSoC5/LCD_Char_1_LCDPort.c **** *
  54:Generated_Source\PSoC5/LCD_Char_1_LCDPort.c **** * \funcusage
  55:Generated_Source\PSoC5/LCD_Char_1_LCDPort.c **** *  \snippet LCD_Char_1_LCDPort_SUT.c usage_LCD_Char_1_LCDPort_Write
  56:Generated_Source\PSoC5/LCD_Char_1_LCDPort.c **** *******************************************************************************/
  57:Generated_Source\PSoC5/LCD_Char_1_LCDPort.c **** void LCD_Char_1_LCDPort_Write(uint8 value)
  58:Generated_Source\PSoC5/LCD_Char_1_LCDPort.c **** {
  27              		.loc 1 58 0
  28              		.cfi_startproc
  29              		@ args = 0, pretend = 0, frame = 0
  30              		@ frame_needed = 0, uses_anonymous_args = 0
  31              		@ link register save eliminated.
  32              	.LVL0:
  59:Generated_Source\PSoC5/LCD_Char_1_LCDPort.c ****     uint8 staticBits = (LCD_Char_1_LCDPort_DR & (uint8)(~LCD_Char_1_LCDPort_MASK));
  33              		.loc 1 59 0
  34 0000 044A     		ldr	r2, .L2
  60:Generated_Source\PSoC5/LCD_Char_1_LCDPort.c ****     LCD_Char_1_LCDPort_DR = staticBits | ((uint8)(value << LCD_Char_1_LCDPort_SHIFT) & LCD_Char_1_L
  35              		.loc 1 60 0
  36 0002 00F07F00 		and	r0, r0, #127
  37              	.LVL1:
  59:Generated_Source\PSoC5/LCD_Char_1_LCDPort.c ****     uint8 staticBits = (LCD_Char_1_LCDPort_DR & (uint8)(~LCD_Char_1_LCDPort_MASK));
  38              		.loc 1 59 0
  39 0006 1378     		ldrb	r3, [r2]	@ zero_extendqisi2
  40              	.LVL2:
  41 0008 03F08003 		and	r3, r3, #128
  42              	.LVL3:
  43              		.loc 1 60 0
  44 000c 0343     		orrs	r3, r3, r0
  45 000e 1370     		strb	r3, [r2]
  46 0010 7047     		bx	lr
  47              	.L3:
  48 0012 00BF     		.align	2
  49              	.L2:
  50 0014 20510040 		.word	1073762592
  51              		.cfi_endproc
  52              	.LFE0:
  53              		.size	LCD_Char_1_LCDPort_Write, .-LCD_Char_1_LCDPort_Write
ARM GAS  C:\Users\labadmin\AppData\Local\Temp\ccERr7LG.s 			page 3


  54              		.section	.text.LCD_Char_1_LCDPort_SetDriveMode,"ax",%progbits
  55              		.align	1
  56              		.global	LCD_Char_1_LCDPort_SetDriveMode
  57              		.thumb
  58              		.thumb_func
  59              		.type	LCD_Char_1_LCDPort_SetDriveMode, %function
  60              	LCD_Char_1_LCDPort_SetDriveMode:
  61              	.LFB1:
  61:Generated_Source\PSoC5/LCD_Char_1_LCDPort.c **** }
  62:Generated_Source\PSoC5/LCD_Char_1_LCDPort.c **** 
  63:Generated_Source\PSoC5/LCD_Char_1_LCDPort.c **** 
  64:Generated_Source\PSoC5/LCD_Char_1_LCDPort.c **** /*******************************************************************************
  65:Generated_Source\PSoC5/LCD_Char_1_LCDPort.c **** * Function Name: LCD_Char_1_LCDPort_SetDriveMode
  66:Generated_Source\PSoC5/LCD_Char_1_LCDPort.c **** ****************************************************************************//**
  67:Generated_Source\PSoC5/LCD_Char_1_LCDPort.c **** *
  68:Generated_Source\PSoC5/LCD_Char_1_LCDPort.c **** * \brief Sets the drive mode for each of the Pins component's pins.
  69:Generated_Source\PSoC5/LCD_Char_1_LCDPort.c **** * 
  70:Generated_Source\PSoC5/LCD_Char_1_LCDPort.c **** * <b>Note</b> This affects all pins in the Pins component instance. Use the
  71:Generated_Source\PSoC5/LCD_Char_1_LCDPort.c **** * Per-Pin APIs if you wish to control individual pin's drive modes.
  72:Generated_Source\PSoC5/LCD_Char_1_LCDPort.c **** *
  73:Generated_Source\PSoC5/LCD_Char_1_LCDPort.c **** * \param mode
  74:Generated_Source\PSoC5/LCD_Char_1_LCDPort.c **** *  Mode for the selected signals. Valid options are documented in 
  75:Generated_Source\PSoC5/LCD_Char_1_LCDPort.c **** *  \ref driveMode.
  76:Generated_Source\PSoC5/LCD_Char_1_LCDPort.c **** *
  77:Generated_Source\PSoC5/LCD_Char_1_LCDPort.c **** * \return
  78:Generated_Source\PSoC5/LCD_Char_1_LCDPort.c **** *  None
  79:Generated_Source\PSoC5/LCD_Char_1_LCDPort.c **** *
  80:Generated_Source\PSoC5/LCD_Char_1_LCDPort.c **** * \sideeffect
  81:Generated_Source\PSoC5/LCD_Char_1_LCDPort.c **** *  If you use read-modify-write operations that are not atomic, the ISR can
  82:Generated_Source\PSoC5/LCD_Char_1_LCDPort.c **** *  cause corruption of this function. An ISR that interrupts this function 
  83:Generated_Source\PSoC5/LCD_Char_1_LCDPort.c **** *  and performs writes to the Pins component Drive Mode registers can cause 
  84:Generated_Source\PSoC5/LCD_Char_1_LCDPort.c **** *  corrupted port data. To avoid this issue, you should either use the Per-Pin
  85:Generated_Source\PSoC5/LCD_Char_1_LCDPort.c **** *  APIs (primary method) or disable interrupts around this function.
  86:Generated_Source\PSoC5/LCD_Char_1_LCDPort.c **** *
  87:Generated_Source\PSoC5/LCD_Char_1_LCDPort.c **** * \funcusage
  88:Generated_Source\PSoC5/LCD_Char_1_LCDPort.c **** *  \snippet LCD_Char_1_LCDPort_SUT.c usage_LCD_Char_1_LCDPort_SetDriveMode
  89:Generated_Source\PSoC5/LCD_Char_1_LCDPort.c **** *******************************************************************************/
  90:Generated_Source\PSoC5/LCD_Char_1_LCDPort.c **** void LCD_Char_1_LCDPort_SetDriveMode(uint8 mode)
  91:Generated_Source\PSoC5/LCD_Char_1_LCDPort.c **** {
  62              		.loc 1 91 0
  63              		.cfi_startproc
  64              		@ args = 0, pretend = 0, frame = 0
  65              		@ frame_needed = 0, uses_anonymous_args = 0
  66              		@ link register save eliminated.
  67              	.LVL4:
  92:Generated_Source\PSoC5/LCD_Char_1_LCDPort.c **** 	CyPins_SetPinDriveMode(LCD_Char_1_LCDPort_0, mode);
  68              		.loc 1 92 0
  69 0000 134A     		ldr	r2, .L5
  70 0002 00F00E00 		and	r0, r0, #14
  71              	.LVL5:
  72 0006 1378     		ldrb	r3, [r2]	@ zero_extendqisi2
  73 0008 03F0F103 		and	r3, r3, #241
  74 000c 0343     		orrs	r3, r3, r0
  75 000e 1370     		strb	r3, [r2]
  93:Generated_Source\PSoC5/LCD_Char_1_LCDPort.c **** 	CyPins_SetPinDriveMode(LCD_Char_1_LCDPort_1, mode);
  76              		.loc 1 93 0
  77 0010 5378     		ldrb	r3, [r2, #1]	@ zero_extendqisi2
ARM GAS  C:\Users\labadmin\AppData\Local\Temp\ccERr7LG.s 			page 4


  78 0012 03F0F103 		and	r3, r3, #241
  79 0016 0343     		orrs	r3, r3, r0
  80 0018 5370     		strb	r3, [r2, #1]
  94:Generated_Source\PSoC5/LCD_Char_1_LCDPort.c **** 	CyPins_SetPinDriveMode(LCD_Char_1_LCDPort_2, mode);
  81              		.loc 1 94 0
  82 001a 9378     		ldrb	r3, [r2, #2]	@ zero_extendqisi2
  83 001c 03F0F103 		and	r3, r3, #241
  84 0020 0343     		orrs	r3, r3, r0
  85 0022 9370     		strb	r3, [r2, #2]
  95:Generated_Source\PSoC5/LCD_Char_1_LCDPort.c **** 	CyPins_SetPinDriveMode(LCD_Char_1_LCDPort_3, mode);
  86              		.loc 1 95 0
  87 0024 D378     		ldrb	r3, [r2, #3]	@ zero_extendqisi2
  88 0026 03F0F103 		and	r3, r3, #241
  89 002a 0343     		orrs	r3, r3, r0
  90 002c D370     		strb	r3, [r2, #3]
  96:Generated_Source\PSoC5/LCD_Char_1_LCDPort.c **** 	CyPins_SetPinDriveMode(LCD_Char_1_LCDPort_4, mode);
  91              		.loc 1 96 0
  92 002e 1379     		ldrb	r3, [r2, #4]	@ zero_extendqisi2
  93 0030 03F0F103 		and	r3, r3, #241
  94 0034 0343     		orrs	r3, r3, r0
  95 0036 1371     		strb	r3, [r2, #4]
  97:Generated_Source\PSoC5/LCD_Char_1_LCDPort.c **** 	CyPins_SetPinDriveMode(LCD_Char_1_LCDPort_5, mode);
  96              		.loc 1 97 0
  97 0038 5379     		ldrb	r3, [r2, #5]	@ zero_extendqisi2
  98 003a 03F0F103 		and	r3, r3, #241
  99 003e 0343     		orrs	r3, r3, r0
 100 0040 5371     		strb	r3, [r2, #5]
  98:Generated_Source\PSoC5/LCD_Char_1_LCDPort.c **** 	CyPins_SetPinDriveMode(LCD_Char_1_LCDPort_6, mode);
 101              		.loc 1 98 0
 102 0042 9379     		ldrb	r3, [r2, #6]	@ zero_extendqisi2
 103 0044 03F0F103 		and	r3, r3, #241
 104 0048 1843     		orrs	r0, r0, r3
 105 004a 9071     		strb	r0, [r2, #6]
 106 004c 7047     		bx	lr
 107              	.L6:
 108 004e 00BF     		.align	2
 109              	.L5:
 110 0050 10500040 		.word	1073762320
 111              		.cfi_endproc
 112              	.LFE1:
 113              		.size	LCD_Char_1_LCDPort_SetDriveMode, .-LCD_Char_1_LCDPort_SetDriveMode
 114              		.section	.text.LCD_Char_1_LCDPort_Read,"ax",%progbits
 115              		.align	1
 116              		.global	LCD_Char_1_LCDPort_Read
 117              		.thumb
 118              		.thumb_func
 119              		.type	LCD_Char_1_LCDPort_Read, %function
 120              	LCD_Char_1_LCDPort_Read:
 121              	.LFB2:
  99:Generated_Source\PSoC5/LCD_Char_1_LCDPort.c **** }
 100:Generated_Source\PSoC5/LCD_Char_1_LCDPort.c **** 
 101:Generated_Source\PSoC5/LCD_Char_1_LCDPort.c **** 
 102:Generated_Source\PSoC5/LCD_Char_1_LCDPort.c **** /*******************************************************************************
 103:Generated_Source\PSoC5/LCD_Char_1_LCDPort.c **** * Function Name: LCD_Char_1_LCDPort_Read
 104:Generated_Source\PSoC5/LCD_Char_1_LCDPort.c **** ****************************************************************************//**
 105:Generated_Source\PSoC5/LCD_Char_1_LCDPort.c **** *
 106:Generated_Source\PSoC5/LCD_Char_1_LCDPort.c **** * \brief Reads the associated physical port (pin status register) and masks 
ARM GAS  C:\Users\labadmin\AppData\Local\Temp\ccERr7LG.s 			page 5


 107:Generated_Source\PSoC5/LCD_Char_1_LCDPort.c **** *  the required bits according to the width and bit position of the component
 108:Generated_Source\PSoC5/LCD_Char_1_LCDPort.c **** *  instance. 
 109:Generated_Source\PSoC5/LCD_Char_1_LCDPort.c **** *
 110:Generated_Source\PSoC5/LCD_Char_1_LCDPort.c **** * The pin's status register returns the current logic level present on the 
 111:Generated_Source\PSoC5/LCD_Char_1_LCDPort.c **** * physical pin.
 112:Generated_Source\PSoC5/LCD_Char_1_LCDPort.c **** *
 113:Generated_Source\PSoC5/LCD_Char_1_LCDPort.c **** * \return 
 114:Generated_Source\PSoC5/LCD_Char_1_LCDPort.c **** *  The current value for the pins in the component as a right justified number.
 115:Generated_Source\PSoC5/LCD_Char_1_LCDPort.c **** *
 116:Generated_Source\PSoC5/LCD_Char_1_LCDPort.c **** * \funcusage
 117:Generated_Source\PSoC5/LCD_Char_1_LCDPort.c **** *  \snippet LCD_Char_1_LCDPort_SUT.c usage_LCD_Char_1_LCDPort_Read  
 118:Generated_Source\PSoC5/LCD_Char_1_LCDPort.c **** *******************************************************************************/
 119:Generated_Source\PSoC5/LCD_Char_1_LCDPort.c **** uint8 LCD_Char_1_LCDPort_Read(void)
 120:Generated_Source\PSoC5/LCD_Char_1_LCDPort.c **** {
 122              		.loc 1 120 0
 123              		.cfi_startproc
 124              		@ args = 0, pretend = 0, frame = 0
 125              		@ frame_needed = 0, uses_anonymous_args = 0
 126              		@ link register save eliminated.
 121:Generated_Source\PSoC5/LCD_Char_1_LCDPort.c ****     return (LCD_Char_1_LCDPort_PS & LCD_Char_1_LCDPort_MASK) >> LCD_Char_1_LCDPort_SHIFT;
 127              		.loc 1 121 0
 128 0000 024B     		ldr	r3, .L8
 129 0002 1878     		ldrb	r0, [r3]	@ zero_extendqisi2
 122:Generated_Source\PSoC5/LCD_Char_1_LCDPort.c **** }
 130              		.loc 1 122 0
 131 0004 00F07F00 		and	r0, r0, #127
 132 0008 7047     		bx	lr
 133              	.L9:
 134 000a 00BF     		.align	2
 135              	.L8:
 136 000c 21510040 		.word	1073762593
 137              		.cfi_endproc
 138              	.LFE2:
 139              		.size	LCD_Char_1_LCDPort_Read, .-LCD_Char_1_LCDPort_Read
 140              		.section	.text.LCD_Char_1_LCDPort_ReadDataReg,"ax",%progbits
 141              		.align	1
 142              		.global	LCD_Char_1_LCDPort_ReadDataReg
 143              		.thumb
 144              		.thumb_func
 145              		.type	LCD_Char_1_LCDPort_ReadDataReg, %function
 146              	LCD_Char_1_LCDPort_ReadDataReg:
 147              	.LFB3:
 123:Generated_Source\PSoC5/LCD_Char_1_LCDPort.c **** 
 124:Generated_Source\PSoC5/LCD_Char_1_LCDPort.c **** 
 125:Generated_Source\PSoC5/LCD_Char_1_LCDPort.c **** /*******************************************************************************
 126:Generated_Source\PSoC5/LCD_Char_1_LCDPort.c **** * Function Name: LCD_Char_1_LCDPort_ReadDataReg
 127:Generated_Source\PSoC5/LCD_Char_1_LCDPort.c **** ****************************************************************************//**
 128:Generated_Source\PSoC5/LCD_Char_1_LCDPort.c **** *
 129:Generated_Source\PSoC5/LCD_Char_1_LCDPort.c **** * \brief Reads the associated physical port's data output register and masks 
 130:Generated_Source\PSoC5/LCD_Char_1_LCDPort.c **** *  the correct bits according to the width and bit position of the component 
 131:Generated_Source\PSoC5/LCD_Char_1_LCDPort.c **** *  instance. 
 132:Generated_Source\PSoC5/LCD_Char_1_LCDPort.c **** *
 133:Generated_Source\PSoC5/LCD_Char_1_LCDPort.c **** * The data output register controls the signal applied to the physical pin in 
 134:Generated_Source\PSoC5/LCD_Char_1_LCDPort.c **** * conjunction with the drive mode parameter. This is not the same as the 
 135:Generated_Source\PSoC5/LCD_Char_1_LCDPort.c **** * preferred LCD_Char_1_LCDPort_Read() API because the 
 136:Generated_Source\PSoC5/LCD_Char_1_LCDPort.c **** * LCD_Char_1_LCDPort_ReadDataReg() reads the data register instead of the status 
 137:Generated_Source\PSoC5/LCD_Char_1_LCDPort.c **** * register. For output pins this is a useful function to determine the value 
ARM GAS  C:\Users\labadmin\AppData\Local\Temp\ccERr7LG.s 			page 6


 138:Generated_Source\PSoC5/LCD_Char_1_LCDPort.c **** * just written to the pin.
 139:Generated_Source\PSoC5/LCD_Char_1_LCDPort.c **** *
 140:Generated_Source\PSoC5/LCD_Char_1_LCDPort.c **** * \return 
 141:Generated_Source\PSoC5/LCD_Char_1_LCDPort.c **** *  The current value of the data register masked and shifted into a right 
 142:Generated_Source\PSoC5/LCD_Char_1_LCDPort.c **** *  justified number for the component instance.
 143:Generated_Source\PSoC5/LCD_Char_1_LCDPort.c **** *
 144:Generated_Source\PSoC5/LCD_Char_1_LCDPort.c **** * \funcusage
 145:Generated_Source\PSoC5/LCD_Char_1_LCDPort.c **** *  \snippet LCD_Char_1_LCDPort_SUT.c usage_LCD_Char_1_LCDPort_ReadDataReg 
 146:Generated_Source\PSoC5/LCD_Char_1_LCDPort.c **** *******************************************************************************/
 147:Generated_Source\PSoC5/LCD_Char_1_LCDPort.c **** uint8 LCD_Char_1_LCDPort_ReadDataReg(void)
 148:Generated_Source\PSoC5/LCD_Char_1_LCDPort.c **** {
 148              		.loc 1 148 0
 149              		.cfi_startproc
 150              		@ args = 0, pretend = 0, frame = 0
 151              		@ frame_needed = 0, uses_anonymous_args = 0
 152              		@ link register save eliminated.
 149:Generated_Source\PSoC5/LCD_Char_1_LCDPort.c ****     return (LCD_Char_1_LCDPort_DR & LCD_Char_1_LCDPort_MASK) >> LCD_Char_1_LCDPort_SHIFT;
 153              		.loc 1 149 0
 154 0000 024B     		ldr	r3, .L11
 155 0002 1878     		ldrb	r0, [r3]	@ zero_extendqisi2
 150:Generated_Source\PSoC5/LCD_Char_1_LCDPort.c **** }
 156              		.loc 1 150 0
 157 0004 00F07F00 		and	r0, r0, #127
 158 0008 7047     		bx	lr
 159              	.L12:
 160 000a 00BF     		.align	2
 161              	.L11:
 162 000c 20510040 		.word	1073762592
 163              		.cfi_endproc
 164              	.LFE3:
 165              		.size	LCD_Char_1_LCDPort_ReadDataReg, .-LCD_Char_1_LCDPort_ReadDataReg
 166              		.text
 167              	.Letext0:
 168              		.file 2 "Generated_Source\\PSoC5\\cytypes.h"
 169              		.section	.debug_info,"",%progbits
 170              	.Ldebug_info0:
 171 0000 1D010000 		.4byte	0x11d
 172 0004 0400     		.2byte	0x4
 173 0006 00000000 		.4byte	.Ldebug_abbrev0
 174 000a 04       		.byte	0x4
 175 000b 01       		.uleb128 0x1
 176 000c 70010000 		.4byte	.LASF20
 177 0010 01       		.byte	0x1
 178 0011 C7000000 		.4byte	.LASF21
 179 0015 00000000 		.4byte	.LASF22
 180 0019 00000000 		.4byte	.Ldebug_ranges0+0
 181 001d 00000000 		.4byte	0
 182 0021 00000000 		.4byte	.Ldebug_line0
 183 0025 02       		.uleb128 0x2
 184 0026 01       		.byte	0x1
 185 0027 06       		.byte	0x6
 186 0028 20020000 		.4byte	.LASF0
 187 002c 02       		.uleb128 0x2
 188 002d 01       		.byte	0x1
 189 002e 08       		.byte	0x8
 190 002f 88000000 		.4byte	.LASF1
 191 0033 02       		.uleb128 0x2
ARM GAS  C:\Users\labadmin\AppData\Local\Temp\ccERr7LG.s 			page 7


 192 0034 02       		.byte	0x2
 193 0035 05       		.byte	0x5
 194 0036 2F010000 		.4byte	.LASF2
 195 003a 02       		.uleb128 0x2
 196 003b 02       		.byte	0x2
 197 003c 07       		.byte	0x7
 198 003d AD000000 		.4byte	.LASF3
 199 0041 02       		.uleb128 0x2
 200 0042 04       		.byte	0x4
 201 0043 05       		.byte	0x5
 202 0044 FE010000 		.4byte	.LASF4
 203 0048 02       		.uleb128 0x2
 204 0049 04       		.byte	0x4
 205 004a 07       		.byte	0x7
 206 004b 9B000000 		.4byte	.LASF5
 207 004f 02       		.uleb128 0x2
 208 0050 08       		.byte	0x8
 209 0051 05       		.byte	0x5
 210 0052 1C010000 		.4byte	.LASF6
 211 0056 02       		.uleb128 0x2
 212 0057 08       		.byte	0x8
 213 0058 07       		.byte	0x7
 214 0059 00010000 		.4byte	.LASF7
 215 005d 03       		.uleb128 0x3
 216 005e 04       		.byte	0x4
 217 005f 05       		.byte	0x5
 218 0060 696E7400 		.ascii	"int\000"
 219 0064 02       		.uleb128 0x2
 220 0065 04       		.byte	0x4
 221 0066 07       		.byte	0x7
 222 0067 F3000000 		.4byte	.LASF8
 223 006b 04       		.uleb128 0x4
 224 006c 82000000 		.4byte	.LASF12
 225 0070 02       		.byte	0x2
 226 0071 9201     		.2byte	0x192
 227 0073 2C000000 		.4byte	0x2c
 228 0077 02       		.uleb128 0x2
 229 0078 04       		.byte	0x4
 230 0079 04       		.byte	0x4
 231 007a 7C000000 		.4byte	.LASF9
 232 007e 02       		.uleb128 0x2
 233 007f 08       		.byte	0x8
 234 0080 04       		.byte	0x4
 235 0081 C0000000 		.4byte	.LASF10
 236 0085 02       		.uleb128 0x2
 237 0086 01       		.byte	0x1
 238 0087 08       		.byte	0x8
 239 0088 2A010000 		.4byte	.LASF11
 240 008c 04       		.uleb128 0x4
 241 008d 96000000 		.4byte	.LASF13
 242 0091 02       		.byte	0x2
 243 0092 3C02     		.2byte	0x23c
 244 0094 98000000 		.4byte	0x98
 245 0098 05       		.uleb128 0x5
 246 0099 6B000000 		.4byte	0x6b
 247 009d 06       		.uleb128 0x6
 248 009e 07020000 		.4byte	.LASF14
ARM GAS  C:\Users\labadmin\AppData\Local\Temp\ccERr7LG.s 			page 8


 249 00a2 01       		.byte	0x1
 250 00a3 39       		.byte	0x39
 251 00a4 00000000 		.4byte	.LFB0
 252 00a8 18000000 		.4byte	.LFE0-.LFB0
 253 00ac 01       		.uleb128 0x1
 254 00ad 9C       		.byte	0x9c
 255 00ae D1000000 		.4byte	0xd1
 256 00b2 07       		.uleb128 0x7
 257 00b3 6B000000 		.4byte	.LASF16
 258 00b7 01       		.byte	0x1
 259 00b8 39       		.byte	0x39
 260 00b9 6B000000 		.4byte	0x6b
 261 00bd 00000000 		.4byte	.LLST0
 262 00c1 08       		.uleb128 0x8
 263 00c2 71000000 		.4byte	.LASF23
 264 00c6 01       		.byte	0x1
 265 00c7 3B       		.byte	0x3b
 266 00c8 6B000000 		.4byte	0x6b
 267 00cc 21000000 		.4byte	.LLST1
 268 00d0 00       		.byte	0
 269 00d1 06       		.uleb128 0x6
 270 00d2 4B000000 		.4byte	.LASF15
 271 00d6 01       		.byte	0x1
 272 00d7 5A       		.byte	0x5a
 273 00d8 00000000 		.4byte	.LFB1
 274 00dc 54000000 		.4byte	.LFE1-.LFB1
 275 00e0 01       		.uleb128 0x1
 276 00e1 9C       		.byte	0x9c
 277 00e2 F6000000 		.4byte	0xf6
 278 00e6 07       		.uleb128 0x7
 279 00e7 17010000 		.4byte	.LASF17
 280 00eb 01       		.byte	0x1
 281 00ec 5A       		.byte	0x5a
 282 00ed 6B000000 		.4byte	0x6b
 283 00f1 39000000 		.4byte	.LLST2
 284 00f5 00       		.byte	0
 285 00f6 09       		.uleb128 0x9
 286 00f7 39010000 		.4byte	.LASF18
 287 00fb 01       		.byte	0x1
 288 00fc 77       		.byte	0x77
 289 00fd 6B000000 		.4byte	0x6b
 290 0101 00000000 		.4byte	.LFB2
 291 0105 10000000 		.4byte	.LFE2-.LFB2
 292 0109 01       		.uleb128 0x1
 293 010a 9C       		.byte	0x9c
 294 010b 09       		.uleb128 0x9
 295 010c 51010000 		.4byte	.LASF19
 296 0110 01       		.byte	0x1
 297 0111 93       		.byte	0x93
 298 0112 6B000000 		.4byte	0x6b
 299 0116 00000000 		.4byte	.LFB3
 300 011a 10000000 		.4byte	.LFE3-.LFB3
 301 011e 01       		.uleb128 0x1
 302 011f 9C       		.byte	0x9c
 303 0120 00       		.byte	0
 304              		.section	.debug_abbrev,"",%progbits
 305              	.Ldebug_abbrev0:
ARM GAS  C:\Users\labadmin\AppData\Local\Temp\ccERr7LG.s 			page 9


 306 0000 01       		.uleb128 0x1
 307 0001 11       		.uleb128 0x11
 308 0002 01       		.byte	0x1
 309 0003 25       		.uleb128 0x25
 310 0004 0E       		.uleb128 0xe
 311 0005 13       		.uleb128 0x13
 312 0006 0B       		.uleb128 0xb
 313 0007 03       		.uleb128 0x3
 314 0008 0E       		.uleb128 0xe
 315 0009 1B       		.uleb128 0x1b
 316 000a 0E       		.uleb128 0xe
 317 000b 55       		.uleb128 0x55
 318 000c 17       		.uleb128 0x17
 319 000d 11       		.uleb128 0x11
 320 000e 01       		.uleb128 0x1
 321 000f 10       		.uleb128 0x10
 322 0010 17       		.uleb128 0x17
 323 0011 00       		.byte	0
 324 0012 00       		.byte	0
 325 0013 02       		.uleb128 0x2
 326 0014 24       		.uleb128 0x24
 327 0015 00       		.byte	0
 328 0016 0B       		.uleb128 0xb
 329 0017 0B       		.uleb128 0xb
 330 0018 3E       		.uleb128 0x3e
 331 0019 0B       		.uleb128 0xb
 332 001a 03       		.uleb128 0x3
 333 001b 0E       		.uleb128 0xe
 334 001c 00       		.byte	0
 335 001d 00       		.byte	0
 336 001e 03       		.uleb128 0x3
 337 001f 24       		.uleb128 0x24
 338 0020 00       		.byte	0
 339 0021 0B       		.uleb128 0xb
 340 0022 0B       		.uleb128 0xb
 341 0023 3E       		.uleb128 0x3e
 342 0024 0B       		.uleb128 0xb
 343 0025 03       		.uleb128 0x3
 344 0026 08       		.uleb128 0x8
 345 0027 00       		.byte	0
 346 0028 00       		.byte	0
 347 0029 04       		.uleb128 0x4
 348 002a 16       		.uleb128 0x16
 349 002b 00       		.byte	0
 350 002c 03       		.uleb128 0x3
 351 002d 0E       		.uleb128 0xe
 352 002e 3A       		.uleb128 0x3a
 353 002f 0B       		.uleb128 0xb
 354 0030 3B       		.uleb128 0x3b
 355 0031 05       		.uleb128 0x5
 356 0032 49       		.uleb128 0x49
 357 0033 13       		.uleb128 0x13
 358 0034 00       		.byte	0
 359 0035 00       		.byte	0
 360 0036 05       		.uleb128 0x5
 361 0037 35       		.uleb128 0x35
 362 0038 00       		.byte	0
ARM GAS  C:\Users\labadmin\AppData\Local\Temp\ccERr7LG.s 			page 10


 363 0039 49       		.uleb128 0x49
 364 003a 13       		.uleb128 0x13
 365 003b 00       		.byte	0
 366 003c 00       		.byte	0
 367 003d 06       		.uleb128 0x6
 368 003e 2E       		.uleb128 0x2e
 369 003f 01       		.byte	0x1
 370 0040 3F       		.uleb128 0x3f
 371 0041 19       		.uleb128 0x19
 372 0042 03       		.uleb128 0x3
 373 0043 0E       		.uleb128 0xe
 374 0044 3A       		.uleb128 0x3a
 375 0045 0B       		.uleb128 0xb
 376 0046 3B       		.uleb128 0x3b
 377 0047 0B       		.uleb128 0xb
 378 0048 27       		.uleb128 0x27
 379 0049 19       		.uleb128 0x19
 380 004a 11       		.uleb128 0x11
 381 004b 01       		.uleb128 0x1
 382 004c 12       		.uleb128 0x12
 383 004d 06       		.uleb128 0x6
 384 004e 40       		.uleb128 0x40
 385 004f 18       		.uleb128 0x18
 386 0050 9742     		.uleb128 0x2117
 387 0052 19       		.uleb128 0x19
 388 0053 01       		.uleb128 0x1
 389 0054 13       		.uleb128 0x13
 390 0055 00       		.byte	0
 391 0056 00       		.byte	0
 392 0057 07       		.uleb128 0x7
 393 0058 05       		.uleb128 0x5
 394 0059 00       		.byte	0
 395 005a 03       		.uleb128 0x3
 396 005b 0E       		.uleb128 0xe
 397 005c 3A       		.uleb128 0x3a
 398 005d 0B       		.uleb128 0xb
 399 005e 3B       		.uleb128 0x3b
 400 005f 0B       		.uleb128 0xb
 401 0060 49       		.uleb128 0x49
 402 0061 13       		.uleb128 0x13
 403 0062 02       		.uleb128 0x2
 404 0063 17       		.uleb128 0x17
 405 0064 00       		.byte	0
 406 0065 00       		.byte	0
 407 0066 08       		.uleb128 0x8
 408 0067 34       		.uleb128 0x34
 409 0068 00       		.byte	0
 410 0069 03       		.uleb128 0x3
 411 006a 0E       		.uleb128 0xe
 412 006b 3A       		.uleb128 0x3a
 413 006c 0B       		.uleb128 0xb
 414 006d 3B       		.uleb128 0x3b
 415 006e 0B       		.uleb128 0xb
 416 006f 49       		.uleb128 0x49
 417 0070 13       		.uleb128 0x13
 418 0071 02       		.uleb128 0x2
 419 0072 17       		.uleb128 0x17
ARM GAS  C:\Users\labadmin\AppData\Local\Temp\ccERr7LG.s 			page 11


 420 0073 00       		.byte	0
 421 0074 00       		.byte	0
 422 0075 09       		.uleb128 0x9
 423 0076 2E       		.uleb128 0x2e
 424 0077 00       		.byte	0
 425 0078 3F       		.uleb128 0x3f
 426 0079 19       		.uleb128 0x19
 427 007a 03       		.uleb128 0x3
 428 007b 0E       		.uleb128 0xe
 429 007c 3A       		.uleb128 0x3a
 430 007d 0B       		.uleb128 0xb
 431 007e 3B       		.uleb128 0x3b
 432 007f 0B       		.uleb128 0xb
 433 0080 27       		.uleb128 0x27
 434 0081 19       		.uleb128 0x19
 435 0082 49       		.uleb128 0x49
 436 0083 13       		.uleb128 0x13
 437 0084 11       		.uleb128 0x11
 438 0085 01       		.uleb128 0x1
 439 0086 12       		.uleb128 0x12
 440 0087 06       		.uleb128 0x6
 441 0088 40       		.uleb128 0x40
 442 0089 18       		.uleb128 0x18
 443 008a 9742     		.uleb128 0x2117
 444 008c 19       		.uleb128 0x19
 445 008d 00       		.byte	0
 446 008e 00       		.byte	0
 447 008f 00       		.byte	0
 448              		.section	.debug_loc,"",%progbits
 449              	.Ldebug_loc0:
 450              	.LLST0:
 451 0000 00000000 		.4byte	.LVL0
 452 0004 06000000 		.4byte	.LVL1
 453 0008 0100     		.2byte	0x1
 454 000a 50       		.byte	0x50
 455 000b 06000000 		.4byte	.LVL1
 456 000f 18000000 		.4byte	.LFE0
 457 0013 0400     		.2byte	0x4
 458 0015 F3       		.byte	0xf3
 459 0016 01       		.uleb128 0x1
 460 0017 50       		.byte	0x50
 461 0018 9F       		.byte	0x9f
 462 0019 00000000 		.4byte	0
 463 001d 00000000 		.4byte	0
 464              	.LLST1:
 465 0021 08000000 		.4byte	.LVL2
 466 0025 0C000000 		.4byte	.LVL3
 467 0029 0600     		.2byte	0x6
 468 002b 73       		.byte	0x73
 469 002c 00       		.sleb128 0
 470 002d 09       		.byte	0x9
 471 002e 80       		.byte	0x80
 472 002f 1A       		.byte	0x1a
 473 0030 9F       		.byte	0x9f
 474 0031 00000000 		.4byte	0
 475 0035 00000000 		.4byte	0
 476              	.LLST2:
ARM GAS  C:\Users\labadmin\AppData\Local\Temp\ccERr7LG.s 			page 12


 477 0039 00000000 		.4byte	.LVL4
 478 003d 06000000 		.4byte	.LVL5
 479 0041 0100     		.2byte	0x1
 480 0043 50       		.byte	0x50
 481 0044 06000000 		.4byte	.LVL5
 482 0048 54000000 		.4byte	.LFE1
 483 004c 0400     		.2byte	0x4
 484 004e F3       		.byte	0xf3
 485 004f 01       		.uleb128 0x1
 486 0050 50       		.byte	0x50
 487 0051 9F       		.byte	0x9f
 488 0052 00000000 		.4byte	0
 489 0056 00000000 		.4byte	0
 490              		.section	.debug_aranges,"",%progbits
 491 0000 34000000 		.4byte	0x34
 492 0004 0200     		.2byte	0x2
 493 0006 00000000 		.4byte	.Ldebug_info0
 494 000a 04       		.byte	0x4
 495 000b 00       		.byte	0
 496 000c 0000     		.2byte	0
 497 000e 0000     		.2byte	0
 498 0010 00000000 		.4byte	.LFB0
 499 0014 18000000 		.4byte	.LFE0-.LFB0
 500 0018 00000000 		.4byte	.LFB1
 501 001c 54000000 		.4byte	.LFE1-.LFB1
 502 0020 00000000 		.4byte	.LFB2
 503 0024 10000000 		.4byte	.LFE2-.LFB2
 504 0028 00000000 		.4byte	.LFB3
 505 002c 10000000 		.4byte	.LFE3-.LFB3
 506 0030 00000000 		.4byte	0
 507 0034 00000000 		.4byte	0
 508              		.section	.debug_ranges,"",%progbits
 509              	.Ldebug_ranges0:
 510 0000 00000000 		.4byte	.LFB0
 511 0004 18000000 		.4byte	.LFE0
 512 0008 00000000 		.4byte	.LFB1
 513 000c 54000000 		.4byte	.LFE1
 514 0010 00000000 		.4byte	.LFB2
 515 0014 10000000 		.4byte	.LFE2
 516 0018 00000000 		.4byte	.LFB3
 517 001c 10000000 		.4byte	.LFE3
 518 0020 00000000 		.4byte	0
 519 0024 00000000 		.4byte	0
 520              		.section	.debug_line,"",%progbits
 521              	.Ldebug_line0:
 522 0000 A3000000 		.section	.debug_str,"MS",%progbits,1
 522      02004F00 
 522      00000201 
 522      FB0E0D00 
 522      01010101 
 523              	.LASF22:
 524 0000 433A5C55 		.ascii	"C:\\Users\\labadmin\\Documents\\GitHub\\CY8CKITDAC\\"
 524      73657273 
 524      5C6C6162 
 524      61646D69 
 524      6E5C446F 
 525 002e 56444143 		.ascii	"VDAC8_ExampleProject01.cydsn\000"
ARM GAS  C:\Users\labadmin\AppData\Local\Temp\ccERr7LG.s 			page 13


 525      385F4578 
 525      616D706C 
 525      6550726F 
 525      6A656374 
 526              	.LASF15:
 527 004b 4C43445F 		.ascii	"LCD_Char_1_LCDPort_SetDriveMode\000"
 527      43686172 
 527      5F315F4C 
 527      4344506F 
 527      72745F53 
 528              	.LASF16:
 529 006b 76616C75 		.ascii	"value\000"
 529      6500
 530              	.LASF23:
 531 0071 73746174 		.ascii	"staticBits\000"
 531      69634269 
 531      747300
 532              	.LASF9:
 533 007c 666C6F61 		.ascii	"float\000"
 533      7400
 534              	.LASF12:
 535 0082 75696E74 		.ascii	"uint8\000"
 535      3800
 536              	.LASF1:
 537 0088 756E7369 		.ascii	"unsigned char\000"
 537      676E6564 
 537      20636861 
 537      7200
 538              	.LASF13:
 539 0096 72656738 		.ascii	"reg8\000"
 539      00
 540              	.LASF5:
 541 009b 6C6F6E67 		.ascii	"long unsigned int\000"
 541      20756E73 
 541      69676E65 
 541      6420696E 
 541      7400
 542              	.LASF3:
 543 00ad 73686F72 		.ascii	"short unsigned int\000"
 543      7420756E 
 543      7369676E 
 543      65642069 
 543      6E7400
 544              	.LASF10:
 545 00c0 646F7562 		.ascii	"double\000"
 545      6C6500
 546              	.LASF21:
 547 00c7 47656E65 		.ascii	"Generated_Source\\PSoC5\\LCD_Char_1_LCDPort.c\000"
 547      72617465 
 547      645F536F 
 547      75726365 
 547      5C50536F 
 548              	.LASF8:
 549 00f3 756E7369 		.ascii	"unsigned int\000"
 549      676E6564 
 549      20696E74 
 549      00
ARM GAS  C:\Users\labadmin\AppData\Local\Temp\ccERr7LG.s 			page 14


 550              	.LASF7:
 551 0100 6C6F6E67 		.ascii	"long long unsigned int\000"
 551      206C6F6E 
 551      6720756E 
 551      7369676E 
 551      65642069 
 552              	.LASF17:
 553 0117 6D6F6465 		.ascii	"mode\000"
 553      00
 554              	.LASF6:
 555 011c 6C6F6E67 		.ascii	"long long int\000"
 555      206C6F6E 
 555      6720696E 
 555      7400
 556              	.LASF11:
 557 012a 63686172 		.ascii	"char\000"
 557      00
 558              	.LASF2:
 559 012f 73686F72 		.ascii	"short int\000"
 559      7420696E 
 559      7400
 560              	.LASF18:
 561 0139 4C43445F 		.ascii	"LCD_Char_1_LCDPort_Read\000"
 561      43686172 
 561      5F315F4C 
 561      4344506F 
 561      72745F52 
 562              	.LASF19:
 563 0151 4C43445F 		.ascii	"LCD_Char_1_LCDPort_ReadDataReg\000"
 563      43686172 
 563      5F315F4C 
 563      4344506F 
 563      72745F52 
 564              	.LASF20:
 565 0170 474E5520 		.ascii	"GNU C 4.9.3 20150303 (release) [ARM/embedded-4_9-br"
 565      4320342E 
 565      392E3320 
 565      32303135 
 565      30333033 
 566 01a3 616E6368 		.ascii	"anch revision 221220] -mcpu=cortex-m3 -mthumb -g -O"
 566      20726576 
 566      6973696F 
 566      6E203232 
 566      31323230 
 567 01d6 73202D66 		.ascii	"s -ffunction-sections -ffat-lto-objects\000"
 567      66756E63 
 567      74696F6E 
 567      2D736563 
 567      74696F6E 
 568              	.LASF4:
 569 01fe 6C6F6E67 		.ascii	"long int\000"
 569      20696E74 
 569      00
 570              	.LASF14:
 571 0207 4C43445F 		.ascii	"LCD_Char_1_LCDPort_Write\000"
 571      43686172 
 571      5F315F4C 
ARM GAS  C:\Users\labadmin\AppData\Local\Temp\ccERr7LG.s 			page 15


 571      4344506F 
 571      72745F57 
 572              	.LASF0:
 573 0220 7369676E 		.ascii	"signed char\000"
 573      65642063 
 573      68617200 
 574              		.ident	"GCC: (GNU Tools for ARM Embedded Processors) 4.9.3 20150303 (release) [ARM/embedded-4_9-br
