ARM GAS  C:\Users\labadmin\AppData\Local\Temp\cc41Z1Kk.s 			page 1


   1              		.syntax unified
   2              		.cpu cortex-m3
   3              		.fpu softvfp
   4              		.eabi_attribute 20, 1
   5              		.eabi_attribute 21, 1
   6              		.eabi_attribute 23, 3
   7              		.eabi_attribute 24, 1
   8              		.eabi_attribute 25, 1
   9              		.eabi_attribute 26, 1
  10              		.eabi_attribute 30, 4
  11              		.eabi_attribute 34, 1
  12              		.eabi_attribute 18, 4
  13              		.thumb
  14              		.file	"main.c"
  15              		.text
  16              	.Ltext0:
  17              		.cfi_sections	.debug_frame
  18              		.section	.text.startup.main,"ax",%progbits
  19              		.align	1
  20              		.global	main
  21              		.thumb
  22              		.thumb_func
  23              		.type	main, %function
  24              	main:
  25              	.LFB63:
  26              		.file 1 "main.c"
   1:main.c        **** /*******************************************************************************
   2:main.c        **** * File: main.c
   3:main.c        **** *
   4:main.c        **** * Version : 1.2
   5:main.c        **** *
   6:main.c        **** * Description: 
   7:main.c        **** *  This is a source code for basic functionality of VDAC8.
   8:main.c        **** *  Main function performs following functions:
   9:main.c        **** *  1. Initializes the LCD and clears the display
  10:main.c        **** *  2. Start the VDAC8 component
  11:main.c        **** *  3. Set the value through API
  12:main.c        **** *  4. Print test name and VDAC Range on the LCD
  13:main.c        **** *
  14:main.c        **** ********************************************************************************
  15:main.c        **** * Copyright 2012, Cypress Semiconductor Corporation. All rights reserved.
  16:main.c        **** * This software is owned by Cypress Semiconductor Corporation and is protected
  17:main.c        **** * by and subject to worldwide patent and copyright laws and treaties.
  18:main.c        **** * Therefore, you may use this software only as provided in the license agreement
  19:main.c        **** * accompanying the software package from which you obtained this software.
  20:main.c        **** * CYPRESS AND ITS SUPPLIERS MAKE NO WARRANTY OF ANY KIND, EXPRESS OR IMPLIED,
  21:main.c        **** * WITH REGARD TO THIS SOFTWARE, INCLUDING, BUT NOT LIMITED TO, NONINFRINGEMENT,
  22:main.c        **** * IMPLIED WARRANTIES OF MERCHANTABILITY AND FITNESS FOR A PARTICULAR PURPOSE.
  23:main.c        **** *******************************************************************************/
  24:main.c        **** 
  25:main.c        **** #include <project.h>
  26:main.c        **** 
  27:main.c        **** int main()
  28:main.c        **** {
  27              		.loc 1 28 0
  28              		.cfi_startproc
  29              		@ Volatile: function does not return.
ARM GAS  C:\Users\labadmin\AppData\Local\Temp\cc41Z1Kk.s 			page 2


  30              		@ args = 0, pretend = 0, frame = 0
  31              		@ frame_needed = 0, uses_anonymous_args = 0
  32 0000 08B5     		push	{r3, lr}
  33              		.cfi_def_cfa_offset 8
  34              		.cfi_offset 3, -8
  35              		.cfi_offset 14, -4
  29:main.c        ****     /* Start the LCD component */
  30:main.c        ****     LCD_Char_1_Start();
  36              		.loc 1 30 0
  37 0002 FFF7FEFF 		bl	LCD_Char_1_Start
  38              	.LVL0:
  31:main.c        **** 
  32:main.c        ****     /* Clear LCD Display */
  33:main.c        ****     LCD_Char_1_ClearDisplay();
  39              		.loc 1 33 0
  40 0006 0120     		movs	r0, #1
  41 0008 FFF7FEFF 		bl	LCD_Char_1_WriteControl
  42              	.LVL1:
  34:main.c        **** 
  35:main.c        ****     /* Start VDAC */
  36:main.c        ****     VDAC8_1_Start();
  43              		.loc 1 36 0
  44 000c FFF7FEFF 		bl	VDAC8_1_Start
  45              	.LVL2:
  37:main.c        **** 
  38:main.c        ****     /* Set the value 200 in VDAC data register */
  39:main.c        ****     VDAC8_1_SetValue(201u);
  46              		.loc 1 39 0
  47 0010 C920     		movs	r0, #201
  48 0012 FFF7FEFF 		bl	VDAC8_1_SetValue
  49              	.LVL3:
  40:main.c        ****     
  41:main.c        ****     LCD_Char_1_Position(0u, 0u);
  50              		.loc 1 41 0
  51 0016 0020     		movs	r0, #0
  52 0018 0146     		mov	r1, r0
  53 001a FFF7FEFF 		bl	LCD_Char_1_Position
  54              	.LVL4:
  42:main.c        ****     LCD_Char_1_PrintString("   VDAC DEMO");
  55              		.loc 1 42 0
  56 001e 0548     		ldr	r0, .L4
  57 0020 FFF7FEFF 		bl	LCD_Char_1_PrintString
  58              	.LVL5:
  43:main.c        **** 
  44:main.c        ****     LCD_Char_1_Position(1u, 0u);
  59              		.loc 1 44 0
  60 0024 0120     		movs	r0, #1
  61 0026 0021     		movs	r1, #0
  62 0028 FFF7FEFF 		bl	LCD_Char_1_Position
  63              	.LVL6:
  45:main.c        ****     LCD_Char_1_PrintString("Range : 0-1.020V");
  64              		.loc 1 45 0
  65 002c 0248     		ldr	r0, .L4+4
  66 002e FFF7FEFF 		bl	LCD_Char_1_PrintString
  67              	.LVL7:
  68              	.L2:
  46:main.c        **** 
ARM GAS  C:\Users\labadmin\AppData\Local\Temp\cc41Z1Kk.s 			page 3


  47:main.c        ****     for(;;)
  48:main.c        ****     {
  49:main.c        ****     }
  69              		.loc 1 49 0 discriminator 1
  70 0032 FEE7     		b	.L2
  71              	.L5:
  72              		.align	2
  73              	.L4:
  74 0034 00000000 		.word	.LC0
  75 0038 0D000000 		.word	.LC1
  76              		.cfi_endproc
  77              	.LFE63:
  78              		.size	main, .-main
  79              		.section	.rodata.str1.1,"aMS",%progbits,1
  80              	.LC0:
  81 0000 20202056 		.ascii	"   VDAC DEMO\000"
  81      44414320 
  81      44454D4F 
  81      00
  82              	.LC1:
  83 000d 52616E67 		.ascii	"Range : 0-1.020V\000"
  83      65203A20 
  83      302D312E 
  83      30323056 
  83      00
  84              		.text
  85              	.Letext0:
  86              		.file 2 "c:\\program files (x86)\\cypress\\psoc creator\\4.0\\psoc creator\\import\\gnu\\arm\\4.9.
  87              		.file 3 "c:\\program files (x86)\\cypress\\psoc creator\\4.0\\psoc creator\\import\\gnu\\arm\\4.9.
  88              		.file 4 "Generated_Source\\PSoC5/cytypes.h"
  89              		.file 5 "Generated_Source\\PSoC5/LCD_Char_1.h"
  90              		.file 6 "Generated_Source\\PSoC5/VDAC8_1.h"
  91              		.file 7 "Generated_Source\\PSoC5/core_cm3.h"
  92              		.section	.debug_info,"",%progbits
  93              	.Ldebug_info0:
  94 0000 D2010000 		.4byte	0x1d2
  95 0004 0400     		.2byte	0x4
  96 0006 00000000 		.4byte	.Ldebug_abbrev0
  97 000a 04       		.byte	0x4
  98 000b 01       		.uleb128 0x1
  99 000c 64010000 		.4byte	.LASF23
 100 0010 01       		.byte	0x1
 101 0011 52000000 		.4byte	.LASF24
 102 0015 19010000 		.4byte	.LASF25
 103 0019 00000000 		.4byte	.Ldebug_ranges0+0
 104 001d 00000000 		.4byte	0
 105 0021 00000000 		.4byte	.Ldebug_line0
 106 0025 02       		.uleb128 0x2
 107 0026 01       		.byte	0x1
 108 0027 06       		.byte	0x6
 109 0028 B7000000 		.4byte	.LASF0
 110 002c 02       		.uleb128 0x2
 111 002d 01       		.byte	0x1
 112 002e 08       		.byte	0x8
 113 002f C3000000 		.4byte	.LASF1
 114 0033 02       		.uleb128 0x2
 115 0034 02       		.byte	0x2
ARM GAS  C:\Users\labadmin\AppData\Local\Temp\cc41Z1Kk.s 			page 4


 116 0035 05       		.byte	0x5
 117 0036 07020000 		.4byte	.LASF2
 118 003a 02       		.uleb128 0x2
 119 003b 02       		.byte	0x2
 120 003c 07       		.byte	0x7
 121 003d 0E000000 		.4byte	.LASF3
 122 0041 03       		.uleb128 0x3
 123 0042 F2010000 		.4byte	.LASF9
 124 0046 02       		.byte	0x2
 125 0047 3F       		.byte	0x3f
 126 0048 4C000000 		.4byte	0x4c
 127 004c 02       		.uleb128 0x2
 128 004d 04       		.byte	0x4
 129 004e 05       		.byte	0x5
 130 004f EA000000 		.4byte	.LASF4
 131 0053 02       		.uleb128 0x2
 132 0054 04       		.byte	0x4
 133 0055 07       		.byte	0x7
 134 0056 88000000 		.4byte	.LASF5
 135 005a 02       		.uleb128 0x2
 136 005b 08       		.byte	0x8
 137 005c 05       		.byte	0x5
 138 005d 00000000 		.4byte	.LASF6
 139 0061 02       		.uleb128 0x2
 140 0062 08       		.byte	0x8
 141 0063 07       		.byte	0x7
 142 0064 9A000000 		.4byte	.LASF7
 143 0068 04       		.uleb128 0x4
 144 0069 04       		.byte	0x4
 145 006a 05       		.byte	0x5
 146 006b 696E7400 		.ascii	"int\000"
 147 006f 02       		.uleb128 0x2
 148 0070 04       		.byte	0x4
 149 0071 07       		.byte	0x7
 150 0072 2E000000 		.4byte	.LASF8
 151 0076 03       		.uleb128 0x3
 152 0077 11020000 		.4byte	.LASF10
 153 007b 03       		.byte	0x3
 154 007c 2C       		.byte	0x2c
 155 007d 41000000 		.4byte	0x41
 156 0081 05       		.uleb128 0x5
 157 0082 82000000 		.4byte	.LASF11
 158 0086 04       		.byte	0x4
 159 0087 9201     		.2byte	0x192
 160 0089 2C000000 		.4byte	0x2c
 161 008d 02       		.uleb128 0x2
 162 008e 04       		.byte	0x4
 163 008f 04       		.byte	0x4
 164 0090 01020000 		.4byte	.LASF12
 165 0094 02       		.uleb128 0x2
 166 0095 08       		.byte	0x8
 167 0096 04       		.byte	0x4
 168 0097 04010000 		.4byte	.LASF13
 169 009b 05       		.uleb128 0x5
 170 009c B1000000 		.4byte	.LASF14
 171 00a0 04       		.byte	0x4
 172 00a1 A301     		.2byte	0x1a3
ARM GAS  C:\Users\labadmin\AppData\Local\Temp\cc41Z1Kk.s 			page 5


 173 00a3 A7000000 		.4byte	0xa7
 174 00a7 02       		.uleb128 0x2
 175 00a8 01       		.byte	0x1
 176 00a9 08       		.byte	0x8
 177 00aa E5000000 		.4byte	.LASF15
 178 00ae 02       		.uleb128 0x2
 179 00af 04       		.byte	0x4
 180 00b0 07       		.byte	0x7
 181 00b1 19020000 		.4byte	.LASF16
 182 00b5 06       		.uleb128 0x6
 183 00b6 FC010000 		.4byte	.LASF26
 184 00ba 01       		.byte	0x1
 185 00bb 1B       		.byte	0x1b
 186 00bc 68000000 		.4byte	0x68
 187 00c0 00000000 		.4byte	.LFB63
 188 00c4 3C000000 		.4byte	.LFE63-.LFB63
 189 00c8 01       		.uleb128 0x1
 190 00c9 9C       		.byte	0x9c
 191 00ca 62010000 		.4byte	0x162
 192 00ce 07       		.uleb128 0x7
 193 00cf 06000000 		.4byte	.LVL0
 194 00d3 73010000 		.4byte	0x173
 195 00d7 08       		.uleb128 0x8
 196 00d8 0C000000 		.4byte	.LVL1
 197 00dc 7A010000 		.4byte	0x17a
 198 00e0 EA000000 		.4byte	0xea
 199 00e4 09       		.uleb128 0x9
 200 00e5 01       		.uleb128 0x1
 201 00e6 50       		.byte	0x50
 202 00e7 01       		.uleb128 0x1
 203 00e8 31       		.byte	0x31
 204 00e9 00       		.byte	0
 205 00ea 07       		.uleb128 0x7
 206 00eb 10000000 		.4byte	.LVL2
 207 00ef 8B010000 		.4byte	0x18b
 208 00f3 08       		.uleb128 0x8
 209 00f4 16000000 		.4byte	.LVL3
 210 00f8 92010000 		.4byte	0x192
 211 00fc 07010000 		.4byte	0x107
 212 0100 09       		.uleb128 0x9
 213 0101 01       		.uleb128 0x1
 214 0102 50       		.byte	0x50
 215 0103 02       		.uleb128 0x2
 216 0104 09       		.byte	0x9
 217 0105 C9       		.byte	0xc9
 218 0106 00       		.byte	0
 219 0107 08       		.uleb128 0x8
 220 0108 1E000000 		.4byte	.LVL4
 221 010c A3010000 		.4byte	0x1a3
 222 0110 1F010000 		.4byte	0x11f
 223 0114 09       		.uleb128 0x9
 224 0115 01       		.uleb128 0x1
 225 0116 51       		.byte	0x51
 226 0117 01       		.uleb128 0x1
 227 0118 30       		.byte	0x30
 228 0119 09       		.uleb128 0x9
 229 011a 01       		.uleb128 0x1
ARM GAS  C:\Users\labadmin\AppData\Local\Temp\cc41Z1Kk.s 			page 6


 230 011b 50       		.byte	0x50
 231 011c 01       		.uleb128 0x1
 232 011d 30       		.byte	0x30
 233 011e 00       		.byte	0
 234 011f 08       		.uleb128 0x8
 235 0120 24000000 		.4byte	.LVL5
 236 0124 B9010000 		.4byte	0x1b9
 237 0128 36010000 		.4byte	0x136
 238 012c 09       		.uleb128 0x9
 239 012d 01       		.uleb128 0x1
 240 012e 50       		.byte	0x50
 241 012f 05       		.uleb128 0x5
 242 0130 03       		.byte	0x3
 243 0131 00000000 		.4byte	.LC0
 244 0135 00       		.byte	0
 245 0136 08       		.uleb128 0x8
 246 0137 2C000000 		.4byte	.LVL6
 247 013b A3010000 		.4byte	0x1a3
 248 013f 4E010000 		.4byte	0x14e
 249 0143 09       		.uleb128 0x9
 250 0144 01       		.uleb128 0x1
 251 0145 51       		.byte	0x51
 252 0146 01       		.uleb128 0x1
 253 0147 30       		.byte	0x30
 254 0148 09       		.uleb128 0x9
 255 0149 01       		.uleb128 0x1
 256 014a 50       		.byte	0x50
 257 014b 01       		.uleb128 0x1
 258 014c 31       		.byte	0x31
 259 014d 00       		.byte	0
 260 014e 0A       		.uleb128 0xa
 261 014f 32000000 		.4byte	.LVL7
 262 0153 B9010000 		.4byte	0x1b9
 263 0157 09       		.uleb128 0x9
 264 0158 01       		.uleb128 0x1
 265 0159 50       		.byte	0x50
 266 015a 05       		.uleb128 0x5
 267 015b 03       		.byte	0x3
 268 015c 0D000000 		.4byte	.LC1
 269 0160 00       		.byte	0
 270 0161 00       		.byte	0
 271 0162 0B       		.uleb128 0xb
 272 0163 21000000 		.4byte	.LASF27
 273 0167 07       		.byte	0x7
 274 0168 9606     		.2byte	0x696
 275 016a 6E010000 		.4byte	0x16e
 276 016e 0C       		.uleb128 0xc
 277 016f 76000000 		.4byte	0x76
 278 0173 0D       		.uleb128 0xd
 279 0174 71000000 		.4byte	.LASF17
 280 0178 05       		.byte	0x5
 281 0179 38       		.byte	0x38
 282 017a 0E       		.uleb128 0xe
 283 017b 59000000 		.4byte	.LASF19
 284 017f 05       		.byte	0x5
 285 0180 3A       		.byte	0x3a
 286 0181 8B010000 		.4byte	0x18b
ARM GAS  C:\Users\labadmin\AppData\Local\Temp\cc41Z1Kk.s 			page 7


 287 0185 0F       		.uleb128 0xf
 288 0186 81000000 		.4byte	0x81
 289 018a 00       		.byte	0
 290 018b 0D       		.uleb128 0xd
 291 018c 0B010000 		.4byte	.LASF18
 292 0190 06       		.byte	0x6
 293 0191 33       		.byte	0x33
 294 0192 0E       		.uleb128 0xe
 295 0193 F3000000 		.4byte	.LASF20
 296 0197 06       		.byte	0x6
 297 0198 37       		.byte	0x37
 298 0199 A3010000 		.4byte	0x1a3
 299 019d 0F       		.uleb128 0xf
 300 019e 81000000 		.4byte	0x81
 301 01a2 00       		.byte	0
 302 01a3 0E       		.uleb128 0xe
 303 01a4 D1000000 		.4byte	.LASF21
 304 01a8 05       		.byte	0x5
 305 01a9 3D       		.byte	0x3d
 306 01aa B9010000 		.4byte	0x1b9
 307 01ae 0F       		.uleb128 0xf
 308 01af 81000000 		.4byte	0x81
 309 01b3 0F       		.uleb128 0xf
 310 01b4 81000000 		.4byte	0x81
 311 01b8 00       		.byte	0
 312 01b9 0E       		.uleb128 0xe
 313 01ba 3B000000 		.4byte	.LASF22
 314 01be 05       		.byte	0x5
 315 01bf 3C       		.byte	0x3c
 316 01c0 CA010000 		.4byte	0x1ca
 317 01c4 0F       		.uleb128 0xf
 318 01c5 CA010000 		.4byte	0x1ca
 319 01c9 00       		.byte	0
 320 01ca 10       		.uleb128 0x10
 321 01cb 04       		.byte	0x4
 322 01cc D0010000 		.4byte	0x1d0
 323 01d0 11       		.uleb128 0x11
 324 01d1 9B000000 		.4byte	0x9b
 325 01d5 00       		.byte	0
 326              		.section	.debug_abbrev,"",%progbits
 327              	.Ldebug_abbrev0:
 328 0000 01       		.uleb128 0x1
 329 0001 11       		.uleb128 0x11
 330 0002 01       		.byte	0x1
 331 0003 25       		.uleb128 0x25
 332 0004 0E       		.uleb128 0xe
 333 0005 13       		.uleb128 0x13
 334 0006 0B       		.uleb128 0xb
 335 0007 03       		.uleb128 0x3
 336 0008 0E       		.uleb128 0xe
 337 0009 1B       		.uleb128 0x1b
 338 000a 0E       		.uleb128 0xe
 339 000b 55       		.uleb128 0x55
 340 000c 17       		.uleb128 0x17
 341 000d 11       		.uleb128 0x11
 342 000e 01       		.uleb128 0x1
 343 000f 10       		.uleb128 0x10
ARM GAS  C:\Users\labadmin\AppData\Local\Temp\cc41Z1Kk.s 			page 8


 344 0010 17       		.uleb128 0x17
 345 0011 00       		.byte	0
 346 0012 00       		.byte	0
 347 0013 02       		.uleb128 0x2
 348 0014 24       		.uleb128 0x24
 349 0015 00       		.byte	0
 350 0016 0B       		.uleb128 0xb
 351 0017 0B       		.uleb128 0xb
 352 0018 3E       		.uleb128 0x3e
 353 0019 0B       		.uleb128 0xb
 354 001a 03       		.uleb128 0x3
 355 001b 0E       		.uleb128 0xe
 356 001c 00       		.byte	0
 357 001d 00       		.byte	0
 358 001e 03       		.uleb128 0x3
 359 001f 16       		.uleb128 0x16
 360 0020 00       		.byte	0
 361 0021 03       		.uleb128 0x3
 362 0022 0E       		.uleb128 0xe
 363 0023 3A       		.uleb128 0x3a
 364 0024 0B       		.uleb128 0xb
 365 0025 3B       		.uleb128 0x3b
 366 0026 0B       		.uleb128 0xb
 367 0027 49       		.uleb128 0x49
 368 0028 13       		.uleb128 0x13
 369 0029 00       		.byte	0
 370 002a 00       		.byte	0
 371 002b 04       		.uleb128 0x4
 372 002c 24       		.uleb128 0x24
 373 002d 00       		.byte	0
 374 002e 0B       		.uleb128 0xb
 375 002f 0B       		.uleb128 0xb
 376 0030 3E       		.uleb128 0x3e
 377 0031 0B       		.uleb128 0xb
 378 0032 03       		.uleb128 0x3
 379 0033 08       		.uleb128 0x8
 380 0034 00       		.byte	0
 381 0035 00       		.byte	0
 382 0036 05       		.uleb128 0x5
 383 0037 16       		.uleb128 0x16
 384 0038 00       		.byte	0
 385 0039 03       		.uleb128 0x3
 386 003a 0E       		.uleb128 0xe
 387 003b 3A       		.uleb128 0x3a
 388 003c 0B       		.uleb128 0xb
 389 003d 3B       		.uleb128 0x3b
 390 003e 05       		.uleb128 0x5
 391 003f 49       		.uleb128 0x49
 392 0040 13       		.uleb128 0x13
 393 0041 00       		.byte	0
 394 0042 00       		.byte	0
 395 0043 06       		.uleb128 0x6
 396 0044 2E       		.uleb128 0x2e
 397 0045 01       		.byte	0x1
 398 0046 3F       		.uleb128 0x3f
 399 0047 19       		.uleb128 0x19
 400 0048 03       		.uleb128 0x3
ARM GAS  C:\Users\labadmin\AppData\Local\Temp\cc41Z1Kk.s 			page 9


 401 0049 0E       		.uleb128 0xe
 402 004a 3A       		.uleb128 0x3a
 403 004b 0B       		.uleb128 0xb
 404 004c 3B       		.uleb128 0x3b
 405 004d 0B       		.uleb128 0xb
 406 004e 49       		.uleb128 0x49
 407 004f 13       		.uleb128 0x13
 408 0050 11       		.uleb128 0x11
 409 0051 01       		.uleb128 0x1
 410 0052 12       		.uleb128 0x12
 411 0053 06       		.uleb128 0x6
 412 0054 40       		.uleb128 0x40
 413 0055 18       		.uleb128 0x18
 414 0056 9742     		.uleb128 0x2117
 415 0058 19       		.uleb128 0x19
 416 0059 01       		.uleb128 0x1
 417 005a 13       		.uleb128 0x13
 418 005b 00       		.byte	0
 419 005c 00       		.byte	0
 420 005d 07       		.uleb128 0x7
 421 005e 898201   		.uleb128 0x4109
 422 0061 00       		.byte	0
 423 0062 11       		.uleb128 0x11
 424 0063 01       		.uleb128 0x1
 425 0064 31       		.uleb128 0x31
 426 0065 13       		.uleb128 0x13
 427 0066 00       		.byte	0
 428 0067 00       		.byte	0
 429 0068 08       		.uleb128 0x8
 430 0069 898201   		.uleb128 0x4109
 431 006c 01       		.byte	0x1
 432 006d 11       		.uleb128 0x11
 433 006e 01       		.uleb128 0x1
 434 006f 31       		.uleb128 0x31
 435 0070 13       		.uleb128 0x13
 436 0071 01       		.uleb128 0x1
 437 0072 13       		.uleb128 0x13
 438 0073 00       		.byte	0
 439 0074 00       		.byte	0
 440 0075 09       		.uleb128 0x9
 441 0076 8A8201   		.uleb128 0x410a
 442 0079 00       		.byte	0
 443 007a 02       		.uleb128 0x2
 444 007b 18       		.uleb128 0x18
 445 007c 9142     		.uleb128 0x2111
 446 007e 18       		.uleb128 0x18
 447 007f 00       		.byte	0
 448 0080 00       		.byte	0
 449 0081 0A       		.uleb128 0xa
 450 0082 898201   		.uleb128 0x4109
 451 0085 01       		.byte	0x1
 452 0086 11       		.uleb128 0x11
 453 0087 01       		.uleb128 0x1
 454 0088 31       		.uleb128 0x31
 455 0089 13       		.uleb128 0x13
 456 008a 00       		.byte	0
 457 008b 00       		.byte	0
ARM GAS  C:\Users\labadmin\AppData\Local\Temp\cc41Z1Kk.s 			page 10


 458 008c 0B       		.uleb128 0xb
 459 008d 34       		.uleb128 0x34
 460 008e 00       		.byte	0
 461 008f 03       		.uleb128 0x3
 462 0090 0E       		.uleb128 0xe
 463 0091 3A       		.uleb128 0x3a
 464 0092 0B       		.uleb128 0xb
 465 0093 3B       		.uleb128 0x3b
 466 0094 05       		.uleb128 0x5
 467 0095 49       		.uleb128 0x49
 468 0096 13       		.uleb128 0x13
 469 0097 3F       		.uleb128 0x3f
 470 0098 19       		.uleb128 0x19
 471 0099 3C       		.uleb128 0x3c
 472 009a 19       		.uleb128 0x19
 473 009b 00       		.byte	0
 474 009c 00       		.byte	0
 475 009d 0C       		.uleb128 0xc
 476 009e 35       		.uleb128 0x35
 477 009f 00       		.byte	0
 478 00a0 49       		.uleb128 0x49
 479 00a1 13       		.uleb128 0x13
 480 00a2 00       		.byte	0
 481 00a3 00       		.byte	0
 482 00a4 0D       		.uleb128 0xd
 483 00a5 2E       		.uleb128 0x2e
 484 00a6 00       		.byte	0
 485 00a7 3F       		.uleb128 0x3f
 486 00a8 19       		.uleb128 0x19
 487 00a9 03       		.uleb128 0x3
 488 00aa 0E       		.uleb128 0xe
 489 00ab 3A       		.uleb128 0x3a
 490 00ac 0B       		.uleb128 0xb
 491 00ad 3B       		.uleb128 0x3b
 492 00ae 0B       		.uleb128 0xb
 493 00af 27       		.uleb128 0x27
 494 00b0 19       		.uleb128 0x19
 495 00b1 3C       		.uleb128 0x3c
 496 00b2 19       		.uleb128 0x19
 497 00b3 00       		.byte	0
 498 00b4 00       		.byte	0
 499 00b5 0E       		.uleb128 0xe
 500 00b6 2E       		.uleb128 0x2e
 501 00b7 01       		.byte	0x1
 502 00b8 3F       		.uleb128 0x3f
 503 00b9 19       		.uleb128 0x19
 504 00ba 03       		.uleb128 0x3
 505 00bb 0E       		.uleb128 0xe
 506 00bc 3A       		.uleb128 0x3a
 507 00bd 0B       		.uleb128 0xb
 508 00be 3B       		.uleb128 0x3b
 509 00bf 0B       		.uleb128 0xb
 510 00c0 27       		.uleb128 0x27
 511 00c1 19       		.uleb128 0x19
 512 00c2 3C       		.uleb128 0x3c
 513 00c3 19       		.uleb128 0x19
 514 00c4 01       		.uleb128 0x1
ARM GAS  C:\Users\labadmin\AppData\Local\Temp\cc41Z1Kk.s 			page 11


 515 00c5 13       		.uleb128 0x13
 516 00c6 00       		.byte	0
 517 00c7 00       		.byte	0
 518 00c8 0F       		.uleb128 0xf
 519 00c9 05       		.uleb128 0x5
 520 00ca 00       		.byte	0
 521 00cb 49       		.uleb128 0x49
 522 00cc 13       		.uleb128 0x13
 523 00cd 00       		.byte	0
 524 00ce 00       		.byte	0
 525 00cf 10       		.uleb128 0x10
 526 00d0 0F       		.uleb128 0xf
 527 00d1 00       		.byte	0
 528 00d2 0B       		.uleb128 0xb
 529 00d3 0B       		.uleb128 0xb
 530 00d4 49       		.uleb128 0x49
 531 00d5 13       		.uleb128 0x13
 532 00d6 00       		.byte	0
 533 00d7 00       		.byte	0
 534 00d8 11       		.uleb128 0x11
 535 00d9 26       		.uleb128 0x26
 536 00da 00       		.byte	0
 537 00db 49       		.uleb128 0x49
 538 00dc 13       		.uleb128 0x13
 539 00dd 00       		.byte	0
 540 00de 00       		.byte	0
 541 00df 00       		.byte	0
 542              		.section	.debug_aranges,"",%progbits
 543 0000 1C000000 		.4byte	0x1c
 544 0004 0200     		.2byte	0x2
 545 0006 00000000 		.4byte	.Ldebug_info0
 546 000a 04       		.byte	0x4
 547 000b 00       		.byte	0
 548 000c 0000     		.2byte	0
 549 000e 0000     		.2byte	0
 550 0010 00000000 		.4byte	.LFB63
 551 0014 3C000000 		.4byte	.LFE63-.LFB63
 552 0018 00000000 		.4byte	0
 553 001c 00000000 		.4byte	0
 554              		.section	.debug_ranges,"",%progbits
 555              	.Ldebug_ranges0:
 556 0000 00000000 		.4byte	.LFB63
 557 0004 3C000000 		.4byte	.LFE63
 558 0008 00000000 		.4byte	0
 559 000c 00000000 		.4byte	0
 560              		.section	.debug_line,"",%progbits
 561              	.Ldebug_line0:
 562 0000 86010000 		.section	.debug_str,"MS",%progbits,1
 562      02006401 
 562      00000201 
 562      FB0E0D00 
 562      01010101 
 563              	.LASF6:
 564 0000 6C6F6E67 		.ascii	"long long int\000"
 564      206C6F6E 
 564      6720696E 
 564      7400
ARM GAS  C:\Users\labadmin\AppData\Local\Temp\cc41Z1Kk.s 			page 12


 565              	.LASF3:
 566 000e 73686F72 		.ascii	"short unsigned int\000"
 566      7420756E 
 566      7369676E 
 566      65642069 
 566      6E7400
 567              	.LASF27:
 568 0021 49544D5F 		.ascii	"ITM_RxBuffer\000"
 568      52784275 
 568      66666572 
 568      00
 569              	.LASF8:
 570 002e 756E7369 		.ascii	"unsigned int\000"
 570      676E6564 
 570      20696E74 
 570      00
 571              	.LASF22:
 572 003b 4C43445F 		.ascii	"LCD_Char_1_PrintString\000"
 572      43686172 
 572      5F315F50 
 572      72696E74 
 572      53747269 
 573              	.LASF24:
 574 0052 6D61696E 		.ascii	"main.c\000"
 574      2E6300
 575              	.LASF19:
 576 0059 4C43445F 		.ascii	"LCD_Char_1_WriteControl\000"
 576      43686172 
 576      5F315F57 
 576      72697465 
 576      436F6E74 
 577              	.LASF17:
 578 0071 4C43445F 		.ascii	"LCD_Char_1_Start\000"
 578      43686172 
 578      5F315F53 
 578      74617274 
 578      00
 579              	.LASF11:
 580 0082 75696E74 		.ascii	"uint8\000"
 580      3800
 581              	.LASF5:
 582 0088 6C6F6E67 		.ascii	"long unsigned int\000"
 582      20756E73 
 582      69676E65 
 582      6420696E 
 582      7400
 583              	.LASF7:
 584 009a 6C6F6E67 		.ascii	"long long unsigned int\000"
 584      206C6F6E 
 584      6720756E 
 584      7369676E 
 584      65642069 
 585              	.LASF14:
 586 00b1 63686172 		.ascii	"char8\000"
 586      3800
 587              	.LASF0:
 588 00b7 7369676E 		.ascii	"signed char\000"
ARM GAS  C:\Users\labadmin\AppData\Local\Temp\cc41Z1Kk.s 			page 13


 588      65642063 
 588      68617200 
 589              	.LASF1:
 590 00c3 756E7369 		.ascii	"unsigned char\000"
 590      676E6564 
 590      20636861 
 590      7200
 591              	.LASF21:
 592 00d1 4C43445F 		.ascii	"LCD_Char_1_Position\000"
 592      43686172 
 592      5F315F50 
 592      6F736974 
 592      696F6E00 
 593              	.LASF15:
 594 00e5 63686172 		.ascii	"char\000"
 594      00
 595              	.LASF4:
 596 00ea 6C6F6E67 		.ascii	"long int\000"
 596      20696E74 
 596      00
 597              	.LASF20:
 598 00f3 56444143 		.ascii	"VDAC8_1_SetValue\000"
 598      385F315F 
 598      53657456 
 598      616C7565 
 598      00
 599              	.LASF13:
 600 0104 646F7562 		.ascii	"double\000"
 600      6C6500
 601              	.LASF18:
 602 010b 56444143 		.ascii	"VDAC8_1_Start\000"
 602      385F315F 
 602      53746172 
 602      7400
 603              	.LASF25:
 604 0119 433A5C55 		.ascii	"C:\\Users\\labadmin\\Documents\\GitHub\\CY8CKITDAC\\"
 604      73657273 
 604      5C6C6162 
 604      61646D69 
 604      6E5C446F 
 605 0147 56444143 		.ascii	"VDAC8_ExampleProject01.cydsn\000"
 605      385F4578 
 605      616D706C 
 605      6550726F 
 605      6A656374 
 606              	.LASF23:
 607 0164 474E5520 		.ascii	"GNU C 4.9.3 20150303 (release) [ARM/embedded-4_9-br"
 607      4320342E 
 607      392E3320 
 607      32303135 
 607      30333033 
 608 0197 616E6368 		.ascii	"anch revision 221220] -mcpu=cortex-m3 -mthumb -g -O"
 608      20726576 
 608      6973696F 
 608      6E203232 
 608      31323230 
 609 01ca 73202D66 		.ascii	"s -ffunction-sections -ffat-lto-objects\000"
ARM GAS  C:\Users\labadmin\AppData\Local\Temp\cc41Z1Kk.s 			page 14


 609      66756E63 
 609      74696F6E 
 609      2D736563 
 609      74696F6E 
 610              	.LASF9:
 611 01f2 5F5F696E 		.ascii	"__int32_t\000"
 611      7433325F 
 611      7400
 612              	.LASF26:
 613 01fc 6D61696E 		.ascii	"main\000"
 613      00
 614              	.LASF12:
 615 0201 666C6F61 		.ascii	"float\000"
 615      7400
 616              	.LASF2:
 617 0207 73686F72 		.ascii	"short int\000"
 617      7420696E 
 617      7400
 618              	.LASF10:
 619 0211 696E7433 		.ascii	"int32_t\000"
 619      325F7400 
 620              	.LASF16:
 621 0219 73697A65 		.ascii	"sizetype\000"
 621      74797065 
 621      00
 622              		.ident	"GCC: (GNU Tools for ARM Embedded Processors) 4.9.3 20150303 (release) [ARM/embedded-4_9-br
