--------------- Build Started: 11/18/2016 15:58:07 Project: VDAC8_ExampleProject01, Configuration: DP8051 Keil 9.51 Debug ---------------
cydsfit.exe -.appdatapath "C:\Users\labadmin\AppData\Local\Cypress Semiconductor\PSoC Creator\4.0" -.fdsnotice -.fdswarpdepfile=warp_dependencies.txt -.fdselabdepfile=elab_dependencies.txt -.fdsbldfile=generated_files.txt -.fdsreffile=referenced_files.txt -p C:\Users\labadmin\Documents\GitHub\CY8CKITDAC\VDAC8_ExampleProject01.cydsn\VDAC8_ExampleProject01.cyprj -d CY8C3866AXI-040 -s C:\Users\labadmin\Documents\GitHub\CY8CKITDAC\VDAC8_ExampleProject01.cydsn\Generated_Source\PSoC3 -- -yv2 -q10 -ygs -o2 -v3 -.fftcfgtype=BE
Elaborating Design...
ADD: pft.M0074: information: A (re)build is required to use the analog device editor. Unable to load the necessary information from the cyfit file. Partial/wrong data will be displayed until this has been resolved.
 * C:\Users\labadmin\Documents\GitHub\CY8CKITDAC\VDAC8_ExampleProject01.cydsn\VDAC8_ExampleProject01.cydwr ()
HDL Generation...
Synthesis...
Tech Mapping...
Analog Placement...
Log: apr.M0058: The analog placement iterative improvement is 27% done. (App=cydsfit)
Log: apr.M0058: The analog placement iterative improvement is 90% done. (App=cydsfit)
Analog Routing...
Analog Code Generation...
Digital Placement...
Digital Routing...
Bitstream Generation...
Bitstream Verification...
Static timing analysis...
API Generation...
DEL: pft.M0074: information: A (re)build is required to use the analog device editor. Unable to load the necessary information from the cyfit file. Partial/wrong data will be displayed until this has been resolved.
 * C:\Users\labadmin\Documents\GitHub\CY8CKITDAC\VDAC8_ExampleProject01.cydsn\VDAC8_ExampleProject01.cydwr ()
Dependency Generation...
Cleanup...
c51.exe main.c NOIV LARGE MODDP2 OMF2 VB(1) NOIP "INCDIR(., Generated_Source\PSoC3)" FF(3) DB WL(2) PR(.\DP8051_Keil_951\Debug/main.lst) CD OT(0 ,Speed) OJ(.\DP8051_Keil_951\Debug\main.obj)
c51.exe Generated_Source\PSoC3\cyfitter_cfg.c NOIV LARGE MODDP2 OMF2 VB(1) NOIP "INCDIR(., Generated_Source\PSoC3)" FF(3) DB WL(2) PR(.\DP8051_Keil_951\Debug/cyfitter_cfg.lst) CD OT(0 ,Speed) OJ(.\DP8051_Keil_951\Debug\cyfitter_cfg.obj)
c51.exe Generated_Source\PSoC3\VDAC8_1.c NOIV LARGE MODDP2 OMF2 VB(1) NOIP "INCDIR(., Generated_Source\PSoC3)" FF(3) DB WL(2) PR(.\DP8051_Keil_951\Debug/VDAC8_1.lst) CD OT(0 ,Speed) OJ(.\DP8051_Keil_951\Debug\VDAC8_1.obj)
c51.exe Generated_Source\PSoC3\VDAC8_1_PM.c NOIV LARGE MODDP2 OMF2 VB(1) NOIP "INCDIR(., Generated_Source\PSoC3)" FF(3) DB WL(2) PR(.\DP8051_Keil_951\Debug/VDAC8_1_PM.lst) CD OT(0 ,Speed) OJ(.\DP8051_Keil_951\Debug\VDAC8_1_PM.obj)
c51.exe Generated_Source\PSoC3\VDAC_Out_P04.c NOIV LARGE MODDP2 OMF2 VB(1) NOIP "INCDIR(., Generated_Source\PSoC3)" FF(3) DB WL(2) PR(.\DP8051_Keil_951\Debug/VDAC_Out_P04.lst) CD OT(0 ,Speed) OJ(.\DP8051_Keil_951\Debug\VDAC_Out_P04.obj)
c51.exe Generated_Source\PSoC3\LCD_Char_1.c NOIV LARGE MODDP2 OMF2 VB(1) NOIP "INCDIR(., Generated_Source\PSoC3)" FF(3) DB WL(2) PR(.\DP8051_Keil_951\Debug/LCD_Char_1.lst) CD OT(0 ,Speed) OJ(.\DP8051_Keil_951\Debug\LCD_Char_1.obj)
c51.exe Generated_Source\PSoC3\LCD_Char_1_PM.c NOIV LARGE MODDP2 OMF2 VB(1) NOIP "INCDIR(., Generated_Source\PSoC3)" FF(3) DB WL(2) PR(.\DP8051_Keil_951\Debug/LCD_Char_1_PM.lst) CD OT(0 ,Speed) OJ(.\DP8051_Keil_951\Debug\LCD_Char_1_PM.obj)
c51.exe Generated_Source\PSoC3\LCD_Char_1_LCDPort.c NOIV LARGE MODDP2 OMF2 VB(1) NOIP "INCDIR(., Generated_Source\PSoC3)" FF(3) DB WL(2) PR(.\DP8051_Keil_951\Debug/LCD_Char_1_LCDPort.lst) CD OT(0 ,Speed) OJ(.\DP8051_Keil_951\Debug\LCD_Char_1_LCDPort.obj)
c51.exe Generated_Source\PSoC3\CyDmac.c NOIV LARGE MODDP2 OMF2 VB(1) NOIP "INCDIR(., Generated_Source\PSoC3)" FF(3) DB WL(2) PR(.\DP8051_Keil_951\Debug/CyDmac.lst) CD OT(0 ,Speed) OJ(.\DP8051_Keil_951\Debug\CyDmac.obj)
c51.exe Generated_Source\PSoC3\CyFlash.c NOIV LARGE MODDP2 OMF2 VB(1) NOIP "INCDIR(., Generated_Source\PSoC3)" FF(3) DB WL(2) PR(.\DP8051_Keil_951\Debug/CyFlash.lst) CD OT(0 ,Speed) OJ(.\DP8051_Keil_951\Debug\CyFlash.obj)
c51.exe Generated_Source\PSoC3\CyLib.c NOIV LARGE MODDP2 OMF2 VB(1) NOIP "INCDIR(., Generated_Source\PSoC3)" FF(3) DB WL(2) PR(.\DP8051_Keil_951\Debug/CyLib.lst) CD OT(0 ,Speed) OJ(.\DP8051_Keil_951\Debug\CyLib.obj)
c51.exe Generated_Source\PSoC3\cyPm.c NOIV LARGE MODDP2 OMF2 VB(1) NOIP "INCDIR(., Generated_Source\PSoC3)" FF(3) DB WL(2) PR(.\DP8051_Keil_951\Debug/cyPm.lst) CD OT(0 ,Speed) OJ(.\DP8051_Keil_951\Debug\cyPm.obj)
c51.exe Generated_Source\PSoC3\CySpc.c NOIV LARGE MODDP2 OMF2 VB(1) NOIP "INCDIR(., Generated_Source\PSoC3)" FF(3) DB WL(2) PR(.\DP8051_Keil_951\Debug/CySpc.lst) CD OT(0 ,Speed) OJ(.\DP8051_Keil_951\Debug\CySpc.obj)
c51.exe Generated_Source\PSoC3\cyutils.c NOIV LARGE MODDP2 OMF2 VB(1) NOIP "INCDIR(., Generated_Source\PSoC3)" FF(3) DB WL(2) PR(.\DP8051_Keil_951\Debug/cyutils.lst) CD OT(0 ,Speed) OJ(.\DP8051_Keil_951\Debug\cyutils.obj)
Ax51.exe Generated_Source\PSoC3\CyBootAsmKeil.a51 CASE EP "INCDIR(., Generated_Source\PSoC3)" DB MACRO NOCO PR(.\DP8051_Keil_951\Debug/CyBootAsmKeil.lst) OJ(.\DP8051_Keil_951\Debug\CyBootAsmKeil.obj)
Ax51.exe Generated_Source\PSoC3\cymem.a51 CASE EP "INCDIR(., Generated_Source\PSoC3)" DB MACRO NOCO PR(.\DP8051_Keil_951\Debug/cymem.lst) OJ(.\DP8051_Keil_951\Debug\cymem.obj)
Ax51.exe Generated_Source\PSoC3\KeilStart.a51 CASE EP "INCDIR(., Generated_Source\PSoC3)" DB MACRO NOCO PR(.\DP8051_Keil_951\Debug/KeilStart.lst) OJ(.\DP8051_Keil_951\Debug\KeilStart.obj)
LIBX51.exe TRANSFER '.\DP8051_Keil_951\Debug\cyfitter_cfg.obj', '.\DP8051_Keil_951\Debug\VDAC8_1.obj', '.\DP8051_Keil_951\Debug\VDAC8_1_PM.obj', '.\DP8051_Keil_951\Debug\VDAC_Out_P04.obj', '.\DP8051_Keil_951\Debug\LCD_Char_1.obj', '.\DP8051_Keil_951\Debug\LCD_Char_1_PM.obj', '.\DP8051_Keil_951\Debug\LCD_Char_1_LCDPort.obj', '.\DP8051_Keil_951\Debug\CyDmac.obj', '.\DP8051_Keil_951\Debug\CyFlash.obj', '.\DP8051_Keil_951\Debug\CyLib.obj', '.\DP8051_Keil_951\Debug\cyPm.obj', '.\DP8051_Keil_951\Debug\CySpc.obj', '.\DP8051_Keil_951\Debug\cyutils.obj', '.\DP8051_Keil_951\Debug\CyBootAsmKeil.obj', '.\DP8051_Keil_951\Debug\cymem.obj', '.\DP8051_Keil_951\Debug\KeilStart.obj' TO '.\DP8051_Keil_951\Debug\VDAC8_ExampleProject01.lib'
LX51.exe '.\DP8051_Keil_951\Debug\main.obj', '.\DP8051_Keil_951\Debug\VDAC8_ExampleProject01.lib', 'C:\Program Files (x86)\Cypress\PSoC Creator\4.0\PSoC Creator\psoc\content\cycomponentlibrary\CyComponentLibrary.cylib\DP8051\DP8051_Keil_951\Debug\CyComponentLibrary.lib' TO '.\DP8051_Keil_951\Debug\VDAC8_ExampleProject01.omf' CODE RU RC(10) DW(16) WL(2) PR(.\DP8051_Keil_951\Debug/VDAC8_ExampleProject01.map) IX CL(XDATA(X:0x0000-X:0x1FFF)) CL(CODE(C:0x0000-C:0xFFFF)) CL(CONST(C:0x0000-C:0xFFFF))
Program Size: data=14.0 xdata=365 const=40 code=3495
OHx51.exe VDAC8_ExampleProject01.omf HEXFILE(VDAC8_ExampleProject01.ihx)
c8051-elf-omf2elf.exe VDAC8_ExampleProject01.omf VDAC8_ExampleProject01.elf
cyhextool -o .\DP8051_Keil_951\Debug\VDAC8_ExampleProject01.hex -f .\DP8051_Keil_951\Debug\VDAC8_ExampleProject01.ihx -prot Generated_Source\PSoC3\protect.hex -id 1E028069 -a EEPROM=90200000:800,PROGRAM=00000000:10000,CONFIG=80000000:2000,PROTECT=90400000:40 -meta 0301 -cunv 00004004 -wonv BC90ACAF -ecc Generated_Source\PSoC3\config.hex
Flash used: 3535 of 65536 bytes (5.4 %).
SRAM used: 365 of 8192 bytes (4.5 %).
--------------- Build Succeeded: 11/18/2016 15:58:32 ---------------
